[debug] [2022-04-07T07:04:48.881Z] ----------------------------------------------------------------------
[debug] [2022-04-07T07:04:48.883Z] Command:       C:\Program Files\nodejs\node.exe C:\Users\mriga\AppData\Roaming\npm\node_modules\firebase-tools\lib\bin\firebase.js init
[debug] [2022-04-07T07:04:48.883Z] CLI Version:   10.6.0
[debug] [2022-04-07T07:04:48.883Z] Platform:      win32
[debug] [2022-04-07T07:04:48.883Z] Node Version:  v17.0.1
[debug] [2022-04-07T07:04:48.884Z] Time:          Thu Apr 07 2022 12:34:48 GMT+0530 (India Standard Time)
[debug] [2022-04-07T07:04:48.885Z] ----------------------------------------------------------------------
[debug] 
[debug] [2022-04-07T07:04:48.892Z] > command requires scopes: ["email","openid","https://www.googleapis.com/auth/cloudplatformprojects.readonly","https://www.googleapis.com/auth/firebase","https://www.googleapis.com/auth/cloud-platform"]
[debug] [2022-04-07T07:04:48.892Z] > authorizing via signed-in user (mj6564@srmist.edu.in)
[info] 
     ######## #### ########  ######## ########     ###     ######  ########
     ##        ##  ##     ## ##       ##     ##  ##   ##  ##       ##
     ######    ##  ########  ######   ########  #########  ######  ######
     ##        ##  ##    ##  ##       ##     ## ##     ##       ## ##
     ##       #### ##     ## ######## ########  ##     ##  ######  ########

You're about to initialize a Firebase project in this directory:

  D:\DOWNLOADS\study\CODE\CureIt-main\CureIt-main

[info] 
=== Project Setup
[info] 
[info] First, let's associate this project directory with a Firebase project.
[info] You can create multiple project aliases by running firebase use --add, 
[info] but for now we'll just set up a default project.
[info] 
[debug] [2022-04-07T07:05:04.871Z] > refreshing access token with scopes: []
[debug] [2022-04-07T07:05:04.872Z] >>> HTTP REQUEST POST https://www.googleapis.com/oauth2/v3/token  
 <request body omitted>
[debug] [2022-04-07T07:05:05.590Z] <<< HTTP RESPONSE 200 {"date":"Thu, 07 Apr 2022 07:05:05 GMT","pragma":"no-cache","cache-control":"no-cache, no-store, max-age=0, must-revalidate","expires":"Mon, 01 Jan 1990 00:00:00 GMT","content-type":"application/json; charset=utf-8","vary":"X-Origin, Referer, Origin,Accept-Encoding","server":"scaffolding on HTTPServer2","x-xss-protection":"0","x-frame-options":"SAMEORIGIN","x-content-type-options":"nosniff","alt-svc":"h3=\":443\"; ma=2592000,h3-29=\":443\"; ma=2592000,h3-Q050=\":443\"; ma=2592000,h3-Q046=\":443\"; ma=2592000,h3-Q043=\":443\"; ma=2592000,quic=\":443\"; ma=2592000; v=\"46,43\"","accept-ranges":"none","transfer-encoding":"chunked"}
[debug] [2022-04-07T07:05:05.606Z] >>> [apiv2][query] GET https://firebase.googleapis.com/v1beta1/projects pageSize=100
[debug] [2022-04-07T07:05:06.754Z] <<< [apiv2][status] GET https://firebase.googleapis.com/v1beta1/projects 200
[debug] [2022-04-07T07:05:06.754Z] <<< [apiv2][body] GET https://firebase.googleapis.com/v1beta1/projects [omitted]
[info] i  Using project cureit-24387 (cureit) 
[info] 
=== Database Setup
[info] i  database: ensuring required API firebasedatabase.googleapis.com is enabled... 
[debug] [2022-04-07T07:05:08.036Z] >>> [apiv2][query] GET https://serviceusage.googleapis.com/v1/projects/cureit-24387/services/firebasedatabase.googleapis.com [none]
[debug] [2022-04-07T07:05:10.564Z] <<< [apiv2][status] GET https://serviceusage.googleapis.com/v1/projects/cureit-24387/services/firebasedatabase.googleapis.com 200
[debug] [2022-04-07T07:05:10.565Z] <<< [apiv2][body] GET https://serviceusage.googleapis.com/v1/projects/cureit-24387/services/firebasedatabase.googleapis.com {"name":"projects/428623275538/services/firebasedatabase.googleapis.com","config":{"name":"firebasedatabase.googleapis.com","title":"Firebase Realtime Database Management API","apis":[{"name":"google.firebase.database.v1beta.RealtimeDatabaseService","methods":[{"name":"CreateDatabaseInstance"},{"name":"GetDatabaseInstance"},{"name":"ListDatabaseInstances"},{"name":"DeleteDatabaseInstance"},{"name":"UndeleteDatabaseInstance"},{"name":"DisableDatabaseInstance"},{"name":"ReenableDatabaseInstance"}],"version":"v1beta"},{"name":"google.discovery.Discovery","methods":[{"name":"GetDiscovery"},{"name":"GetDiscoveryRest"}],"version":"v1"}],"documentation":{"summary":"The Firebase Realtime Database Management API enables programmatic provisioning and management of Realtime Database instances."},"quota":{"limits":[{"name":"ReadsPerMinutePerProject","metric":"firebasedatabase.googleapis.com/metadata/read_requests","unit":"1/min/{project}","values":{"DEFAULT":"600"}},{"name":"ReadsPerMinutePerProjectPerUser","metric":"firebasedatabase.googleapis.com/metadata/read_requests","unit":"1/min/{project}/{user}","values":{"DEFAULT":"300"}},{"name":"ReadsPerMinutePerOrganization","metric":"firebasedatabase.googleapis.com/metadata/read_requests","unit":"1/min/{organization}","values":{"DEFAULT":"1200"}},{"name":"WritesPerMinutePerProject","metric":"firebasedatabase.googleapis.com/metadata/write_requests","unit":"1/min/{project}","values":{"DEFAULT":"120"}},{"name":"WritesPerMinutePerProjectPerUser","metric":"firebasedatabase.googleapis.com/metadata/write_requests","unit":"1/min/{project}/{user}","values":{"DEFAULT":"100"}},{"name":"WritesPerMinutePerOrganization","metric":"firebasedatabase.googleapis.com/metadata/write_requests","unit":"1/min/{organization}","values":{"DEFAULT":"300"}},{"name":"CreatesPerMinutePerProject","metric":"firebasedatabase.googleapis.com/metadata/create_requests","unit":"1/min/{project}","values":{"DEFAULT":"100"}},{"name":"CreatesPerMinutePerProjectPerUser","metric":"firebasedatabase.googleapis.com/metadata/create_requests","unit":"1/min/{project}/{user}","values":{"DEFAULT":"100"}},{"name":"CreatesPerMinutePerOrganization","metric":"firebasedatabase.googleapis.com/metadata/create_requests","unit":"1/min/{organization}","values":{"DEFAULT":"100"}}]},"authentication":{"rules":[{"oauth":{"canonicalScopes":"https://www.googleapis.com/auth/cloud-platform,\nhttps://www.googleapis.com/auth/firebase,"}},{"oauth":{"canonicalScopes":"https://www.googleapis.com/auth/cloud-platform,\nhttps://www.googleapis.com/auth/cloud-platform.read-only,\nhttps://www.googleapis.com/auth/firebase,\nhttps://www.googleapis.com/auth/firebase.readonly"}},{"oauth":{"canonicalScopes":"https://www.googleapis.com/auth/cloud-platform,\nhttps://www.googleapis.com/auth/cloud-platform.read-only,\nhttps://www.googleapis.com/auth/firebase,\nhttps://www.googleapis.com/auth/firebase.readonly"}},{"oauth":{"canonicalScopes":"https://www.googleapis.com/auth/cloud-platform,\nhttps://www.googleapis.com/auth/firebase,"}},{"oauth":{"canonicalScopes":"https://www.googleapis.com/auth/cloud-platform,\nhttps://www.googleapis.com/auth/firebase,"}},{"oauth":{"canonicalScopes":"https://www.googleapis.com/auth/cloud-platform,\nhttps://www.googleapis.com/auth/firebase,"}},{"oauth":{"canonicalScopes":"https://www.googleapis.com/auth/cloud-platform,\nhttps://www.googleapis.com/auth/firebase,"}}]},"usage":{"requirements":["serviceusage.googleapis.com/tos/universal"]},"endpoints":[{"name":"firebasedatabase.googleapis.com"},{"name":"firebasedatabase.clients6.google.com"},{"name":"content-firebasedatabase.googleapis.com"},{"name":"firebasedatabase.mtls.googleapis.com"},{"name":"firebasedatabase.mtls.clients6.google.com"},{"name":"content-firebasedatabase.mtls.googleapis.com"}],"monitoredResources":[{"type":"firebase_namespace","displayName":"Firebase Realtime Database","description":"A Firebase Realtime Database.","labels":[{"key":"project_id","description":"The identifier of the GCP project associated with this resource, such as \"my-project\"."},{"key":"table_name","description":"The name of the database."},{"key":"location","description":"The location of the database."}],"launchStage":"GA"},{"type":"firebasedatabase.googleapis.com/table","labels":[{"key":"firebasedatabase.googleapis.com/table_name"},{"key":"cloud.googleapis.com/location"},{"key":"cloud.googleapis.com/project"},{"key":"cloud.googleapis.com/uid"}]},{"type":"serviceruntime.googleapis.com/api","labels":[{"key":"cloud.googleapis.com/location"},{"key":"cloud.googleapis.com/uid"},{"key":"serviceruntime.googleapis.com/api_version"},{"key":"serviceruntime.googleapis.com/api_method"},{"key":"serviceruntime.googleapis.com/consumer_project"},{"key":"cloud.googleapis.com/project"},{"key":"cloud.googleapis.com/service"}]},{"type":"serviceruntime.googleapis.com/consumer_quota","labels":[{"key":"cloud.googleapis.com/location"},{"key":"cloud.googleapis.com/uid"},{"key":"cloud.googleapis.com/service"},{"key":"cloud.googleapis.com/resource_id"},{"key":"cloud.googleapis.com/resource_node"},{"key":"cloud.googleapis.com/quota_metric"},{"key":"cloud.googleapis.com/quota_location"}]},{"type":"serviceruntime.googleapis.com/producer_quota","labels":[{"key":"cloud.googleapis.com/location"},{"key":"cloud.googleapis.com/uid"},{"key":"cloud.googleapis.com/service"},{"key":"cloud.googleapis.com/resource_id"},{"key":"cloud.googleapis.com/resource_node"},{"key":"cloud.googleapis.com/consumer_resource_node"},{"key":"cloud.googleapis.com/quota_metric"},{"key":"cloud.googleapis.com/quota_location"}]}],"monitoring":{"consumerDestinations":[{"monitoredResource":"firebase_namespace","metrics":["firebasedatabase.googleapis.com/storage/total_bytes","firebasedatabase.googleapis.com/storage/limit","firebasedatabase.googleapis.com/storage/disabled_for_overages","firebasedatabase.googleapis.com/network/monthly_sent","firebasedatabase.googleapis.com/network/monthly_sent_limit","firebasedatabase.googleapis.com/network/active_connections","firebasedatabase.googleapis.com/network/disabled_for_overages","firebasedatabase.googleapis.com/io/utilization","firebasedatabase.googleapis.com/io/database_load","firebasedatabase.googleapis.com/network/broadcast_load"]},{"monitoredResource":"firebase_namespace","metrics":["firebasedatabase.googleapis.com/network/sent_bytes_count","firebasedatabase.googleapis.com/network/api_hits_count","firebasedatabase.googleapis.com/network/https_requests_count","firebasedatabase.googleapis.com/io/persisted_bytes_count","firebasedatabase.googleapis.com/io/sent_responses_count","firebasedatabase.googleapis.com/network/sent_payload_and_protocol_bytes_count","firebasedatabase.googleapis.com/network/sent_payload_bytes_count","firebasedatabase.googleapis.com/rules/evaluation_count"]},{"monitoredResource":"firebasedatabase.googleapis.com/table","metrics":["firebasedatabase.googleapis.com/network/operations_count"]},{"monitoredResource":"serviceruntime.googleapis.com/api","metrics":["serviceruntime.googleapis.com/api/consumer/quota_used_count","serviceruntime.googleapis.com/api/consumer/quota_refund_count","serviceruntime.googleapis.com/quota/used","serviceruntime.googleapis.com/quota/limit","serviceruntime.googleapis.com/quota/exceeded","serviceruntime.googleapis.com/allocation/consumer/quota_used_count"]},{"monitoredResource":"serviceruntime.googleapis.com/consumer_quota","metrics":["serviceruntime.googleapis.com/quota/rate/consumer/used_count","serviceruntime.googleapis.com/quota/rate/consumer/refund_count","serviceruntime.googleapis.com/quota/allocation/consumer/usage","serviceruntime.googleapis.com/quota/consumer/limit","serviceruntime.googleapis.com/quota/consumer/exceeded"]}]}},"state":"ENABLED","parent":"projects/428623275538"}
[info] +  database: required API firebasedatabase.googleapis.com is enabled 
[info] 
[debug] [2022-04-07T07:05:10.566Z] > refreshing access token with scopes: ["email","https://www.googleapis.com/auth/cloud-platform","https://www.googleapis.com/auth/cloudplatformprojects.readonly","https://www.googleapis.com/auth/firebase","openid"]
[debug] [2022-04-07T07:05:10.566Z] >>> HTTP REQUEST POST https://www.googleapis.com/oauth2/v3/token  
 <request body omitted>
[debug] [2022-04-07T07:05:11.046Z] <<< HTTP RESPONSE 200 {"pragma":"no-cache","date":"Thu, 07 Apr 2022 07:05:10 GMT","cache-control":"no-cache, no-store, max-age=0, must-revalidate","expires":"Mon, 01 Jan 1990 00:00:00 GMT","content-type":"application/json; charset=utf-8","vary":"X-Origin, Referer, Origin,Accept-Encoding","server":"scaffolding on HTTPServer2","x-xss-protection":"0","x-frame-options":"SAMEORIGIN","x-content-type-options":"nosniff","alt-svc":"h3=\":443\"; ma=2592000,h3-29=\":443\"; ma=2592000,h3-Q050=\":443\"; ma=2592000,h3-Q046=\":443\"; ma=2592000,h3-Q043=\":443\"; ma=2592000,quic=\":443\"; ma=2592000; v=\"46,43\"","accept-ranges":"none","transfer-encoding":"chunked"}
[debug] [2022-04-07T07:05:11.056Z] >>> HTTP REQUEST GET https://firebasedatabase.googleapis.com/v1beta/projects/cureit-24387/locations/-/instances/cureit-24387-default-rtdb  
 
[debug] [2022-04-07T07:05:12.160Z] <<< HTTP RESPONSE 200 {"content-type":"application/json; charset=UTF-8","vary":"X-Origin, Referer, Origin,Accept-Encoding","date":"Thu, 07 Apr 2022 07:05:11 GMT","server":"ESF","cache-control":"private","x-xss-protection":"0","x-frame-options":"SAMEORIGIN","x-content-type-options":"nosniff","alt-svc":"h3=\":443\"; ma=2592000,h3-29=\":443\"; ma=2592000,h3-Q050=\":443\"; ma=2592000,h3-Q046=\":443\"; ma=2592000,h3-Q043=\":443\"; ma=2592000,quic=\":443\"; ma=2592000; v=\"46,43\"","accept-ranges":"none","transfer-encoding":"chunked"}
[info] 
[info] Firebase Realtime Database Security Rules allow you to define how your data should be
[info] structured and when your data can be read from and written to.
[info] 
[debug] [2022-04-07T07:05:15.778Z] >>> HTTP REQUEST GET https://cureit-24387-default-rtdb.firebaseio.com/.settings/rules.json  
 
[debug] [2022-04-07T07:05:17.421Z] <<< HTTP RESPONSE 200 {"server":"nginx","date":"Thu, 07 Apr 2022 07:05:17 GMT","content-type":"application/json; charset=utf-8","content-length":"161","connection":"keep-alive","access-control-allow-origin":"*","cache-control":"no-cache","strict-transport-security":"max-age=31556926; includeSubDomains; preload"}
[info] +  Database Rules for cureit-24387-default-rtdb have been written to database.rules.json. 
[info] Future modifications to database.rules.json will update Realtime Database Security Rules when you run
[info] firebase deploy.
[info] 
=== Hosting Setup
[info] 
[info] Your public directory is the folder (relative to your project directory) that
[info] will contain Hosting assets to be uploaded with firebase deploy. If you
[info] have a build process for your assets, use your build's output directory.
[info] 
[debug] [2022-04-07T07:05:24.820Z] >>> [apiv2][query] GET https://www.gstatic.com/firebasejs/releases.json [none]
[debug] [2022-04-07T07:05:25.359Z] <<< [apiv2][status] GET https://www.gstatic.com/firebasejs/releases.json 200
[debug] [2022-04-07T07:05:25.359Z] <<< [apiv2][body] GET https://www.gstatic.com/firebasejs/releases.json {"current":{"version":"9.6.10","browserURL":"https://www.gstatic.com/firebasejs/9.6.10/firebase.js","packageURL":"https://www.gstatic.com/firebasejs/9.6.10/firebase.tgz"},"live":{"version":"9.6","browserURL":"https://www.gstatic.com/firebasejs/live/9.6/firebase.js","packageURL":"https://www.gstatic.com/firebasejs/live/9.6/firebase.tgz"},"components":{"analytics":"https://www.gstatic.com/firebasejs/9.6.10/firebase-analytics.js","app":"https://www.gstatic.com/firebasejs/9.6.10/firebase-app.js","app-check":"https://www.gstatic.com/firebasejs/9.6.10/firebase-app-check.js","auth":"https://www.gstatic.com/firebasejs/9.6.10/firebase-auth.js","auth/cordova":"https://www.gstatic.com/firebasejs/9.6.10/firebase-auth/cordova.js","auth/react-native":"https://www.gstatic.com/firebasejs/9.6.10/firebase-auth/react-native.js","functions":"https://www.gstatic.com/firebasejs/9.6.10/firebase-functions.js","firestore":"https://www.gstatic.com/firebasejs/9.6.10/firebase-firestore.js","firestore/lite":"https://www.gstatic.com/firebasejs/9.6.10/firebase-firestore/lite.js","storage":"https://www.gstatic.com/firebasejs/9.6.10/firebase-storage.js","performance":"https://www.gstatic.com/firebasejs/9.6.10/firebase-performance.js","remote-config":"https://www.gstatic.com/firebasejs/9.6.10/firebase-remote-config.js","messaging":"https://www.gstatic.com/firebasejs/9.6.10/firebase-messaging.js","messaging/sw":"https://www.gstatic.com/firebasejs/9.6.10/firebase-messaging/sw.js","database":"https://www.gstatic.com/firebasejs/9.6.10/firebase-database.js","firestore.memory":"https://www.gstatic.com/firebasejs/9.6.10/firebase-firestore.memory.js"}}
[info] +  Wrote public/index.html 
[info] 
[info] i  Didn't detect a .git folder. Assuming D:\DOWNLOADS\study\CODE\CureIt-main\CureIt-main is the project root. 
[info] i  Authorizing with GitHub to upload your service account to a GitHub repository's secrets store. 
[info] 
[info] Visit this URL on this device to log in:
[info] https://github.com/login/oauth/authorize?client_id=89cf50f02ac6aaed3484&state=40630907&redirect_uri=http%3A%2F%2Flocalhost%3A9005&scope=read%3Auser%20repo%20public_repo
[info] 
[info] Waiting for authentication...
[debug] [2022-04-07T07:05:26.597Z] >>> HTTP REQUEST POST https://github.com/login/oauth/access_token  
 {"client_id":"89cf50f02ac6aaed3484","client_secret":"3330d14abc895d9a74d5f17cd7a00711fa2c5bf0","code":"92579826916160a67a0f","redirect_uri":"http://localhost:9005","state":"40630907"}
[debug] [2022-04-07T07:05:27.521Z] <<< HTTP RESPONSE 200 {"server":"GitHub.com","date":"Thu, 07 Apr 2022 07:05:26 GMT","content-type":"application/json; charset=utf-8","transfer-encoding":"chunked","vary":"X-PJAX, X-PJAX-Container, Accept-Encoding, Accept, X-Requested-With","permissions-policy":"interest-cohort=()","etag":"W/\"6bfd94f956cc0e79878b5b8d8ef70344\"","cache-control":"max-age=0, private, must-revalidate","strict-transport-security":"max-age=31536000; includeSubdomains; preload","x-frame-options":"deny","x-content-type-options":"nosniff","x-xss-protection":"0","referrer-policy":"origin-when-cross-origin, strict-origin-when-cross-origin","expect-ct":"max-age=2592000, report-uri=\"https://api.github.com/_private/browser/errors\"","content-security-policy":"default-src 'none'; base-uri 'self'; block-all-mixed-content; child-src github.com/assets-cdn/worker/ gist.github.com/assets-cdn/worker/; connect-src 'self' uploads.github.com objects-origin.githubusercontent.com www.githubstatus.com collector.github.com raw.githubusercontent.com api.github.com github-cloud.s3.amazonaws.com github-production-repository-file-5c1aeb.s3.amazonaws.com github-production-upload-manifest-file-7fdce7.s3.amazonaws.com github-production-user-asset-6210df.s3.amazonaws.com cdn.optimizely.com logx.optimizely.com/v1/events translator.github.com *.actions.githubusercontent.com wss://*.actions.githubusercontent.com online.visualstudio.com/api/v1/locations github-production-repository-image-32fea6.s3.amazonaws.com github-production-release-asset-2e65be.s3.amazonaws.com insights.github.com wss://alive.github.com; font-src github.githubassets.com; form-action 'self' github.com gist.github.com objects-origin.githubusercontent.com; frame-ancestors 'none'; frame-src render.githubusercontent.com viewscreen.githubusercontent.com notebooks.githubusercontent.com; img-src 'self' data: github.githubassets.com identicons.github.com github-cloud.s3.amazonaws.com secured-user-images.githubusercontent.com/ *.githubusercontent.com; manifest-src 'self'; media-src github.com user-images.githubusercontent.com/; script-src github.githubassets.com; style-src 'unsafe-inline' github.githubassets.com; worker-src github.com/assets-cdn/worker/ gist.github.com/assets-cdn/worker/","x-github-request-id":"43CF:6270:283B9:1DA277:624E8D36"}
[debug] [2022-04-07T07:05:27.535Z] >>> [apiv2][query] GET https://api.github.com/user [none]
[debug] [2022-04-07T07:05:28.329Z] <<< [apiv2][status] GET https://api.github.com/user 200
[debug] [2022-04-07T07:05:28.329Z] <<< [apiv2][body] GET https://api.github.com/user {"login":"mrigajana-makstark","id":92941498,"node_id":"U_kgDOBYosug","avatar_url":"https://avatars.githubusercontent.com/u/92941498?v=4","gravatar_id":"","url":"https://api.github.com/users/mrigajana-makstark","html_url":"https://github.com/mrigajana-makstark","followers_url":"https://api.github.com/users/mrigajana-makstark/followers","following_url":"https://api.github.com/users/mrigajana-makstark/following{/other_user}","gists_url":"https://api.github.com/users/mrigajana-makstark/gists{/gist_id}","starred_url":"https://api.github.com/users/mrigajana-makstark/starred{/owner}{/repo}","subscriptions_url":"https://api.github.com/users/mrigajana-makstark/subscriptions","organizations_url":"https://api.github.com/users/mrigajana-makstark/orgs","repos_url":"https://api.github.com/users/mrigajana-makstark/repos","events_url":"https://api.github.com/users/mrigajana-makstark/events{/privacy}","received_events_url":"https://api.github.com/users/mrigajana-makstark/received_events","type":"User","site_admin":false,"name":"Mriganka Jana","company":"SRM IST","blog":"","location":null,"email":null,"hireable":null,"bio":null,"twitter_username":"Stark_mriganka","public_repos":57,"public_gists":1,"followers":4,"following":2,"created_at":"2021-10-21T16:19:52Z","updated_at":"2022-04-07T07:00:37Z","private_gists":0,"total_private_repos":0,"owned_private_repos":0,"disk_usage":105921,"collaborators":0,"two_factor_authentication":false,"plan":{"name":"free","space":976562499,"collaborators":0,"private_repos":10000}}
[info] 
[info] +  Success! Logged into GitHub as mrigajana-makstark 
[info] 
